2025-06-05 16:03:55,532:API_operations.helpers.JobService:INFO Creating job 153941
2025-06-05 16:03:55,654:API_operations.exports.ForProject:INFO Input Param = {'collection_id': 0, 'project_id': 12236, 'exp_type': <ExportTypeEnum.general_tsv: 'TSV'>, 'use_latin1': False, 'tsv_entities': 'OPASC', 'only_annotations': False, 'split_by': 'sample', 'coma_as_separator': False, 'format_dates_times': True, 'with_images': False, 'with_internal_ids': False, 'with_types_row': False, 'only_first_image': False, 'sum_subtotal': <SummaryExportGroupingEnum.just_by_taxon: ''>, 'pre_mapping': {}, 'formulae': {}, 'out_to_ftp': False}
2025-06-05 16:03:55,654:API_operations.exports.ForProject:INFO Input Param = {'collection_id': 0, 'project_id': 12236, 'exp_type': <ExportTypeEnum.general_tsv: 'TSV'>, 'use_latin1': False, 'tsv_entities': 'OPASC', 'only_annotations': False, 'split_by': 'sample', 'coma_as_separator': False, 'format_dates_times': True, 'with_images': False, 'with_internal_ids': False, 'with_types_row': False, 'only_first_image': False, 'sum_subtotal': <SummaryExportGroupingEnum.just_by_taxon: ''>, 'pre_mapping': {}, 'formulae': {}, 'out_to_ftp': False} project_ids = [12236]
2025-06-05 16:03:55,669:API_operations.exports.ForProject:INFO Execute SQL : select obh.orig_id AS object_id, 
                             obh.latitude AS object_lat, obh.longitude AS object_lon,
                             TO_CHAR(obh.objdate,'YYYY-MM-DD') AS object_date,
                             TO_CHAR(obh.objtime,'HH24:MI:SS') AS object_time,
                             obh.object_link, obh.depth_min AS object_depth_min, obh.depth_max AS object_depth_max,
                         
                CASE obh.classif_qual
                            WHEN 'V' then 'validated'
                            WHEN 'P' then 'predicted'
                            WHEN 'D' then 'dubious'
                            ELSE obh.classif_qual
                         END AS object_annotation_status,
                         usr.name AS object_annotation_person_name, usr.email AS object_annotation_person_email,
                         
                    CASE WHEN obh.classif_qual IN ('V','D') THEN TO_CHAR(obh.classif_date,'YYYY-MM-DD') END AS object_annotation_date,
                  CASE WHEN obh.classif_qual IN ('V','D') THEN TO_CHAR(obh.classif_date,'HH24:MI:SS') END AS object_annotation_time,
                         txo.display_name AS object_annotation_category
                    ,(WITH RECURSIVE rq(id, name, parent_id) 
                   AS (SELECT id, name, parent_id, 1 AS rank 
                         FROM taxonomy 
                        WHERE id = obh.classif_id
                       UNION
                       SELECT txpr.id, txpr.name, txpr.parent_id, rank+1 AS rank 
                         FROM rq 
                         JOIN taxonomy txpr ON txpr.id = rq.parent_id)
                    SELECT string_agg(name,'>') 
                      FROM (SELECT name 
                              FROM rq 
                          ORDER BY rank desc) q) AS object_annotation_hierarchy
, obh.complement_info
 , obf.n01 AS "object_label", obf.n02 AS "object_width", obf.n03 AS "object_height", obf.n04 AS "object_bx", obf.n05 AS "object_by", obf.n06 AS "object_circ.", obf.n07 AS "object_area_exc", obf.n08 AS "object_area", obf.n09 AS "object_%area", obf.n10 AS "object_major", obf.n11 AS "object_minor", obf.n12 AS "object_y", obf.n13 AS "object_x", obf.n14 AS "object_convex_area", obf.n15 AS "object_perim.", obf.n16 AS "object_elongation", obf.n17 AS "object_perimareaexc", obf.n18 AS "object_perimmajor", obf.n19 AS "object_circex", obf.n20 AS "object_angle", obf.n21 AS "object_bounding_box_area", obf.n22 AS "object_eccentricity", obf.n23 AS "object_equivalent_diameter", obf.n24 AS "object_euler_number", obf.n25 AS "object_extent", obf.n26 AS "object_local_centroid_col", obf.n27 AS "object_local_centroid_row", obf.n28 AS "object_solidity", obf.n29 AS "object_meanhue", obf.n30 AS "object_meansaturation", obf.n31 AS "object_meanvalue", obf.n32 AS "object_stdhue", obf.n33 AS "object_stdsaturation", obf.n34 AS "object_stdvalue"
, sam.orig_id AS sample_id, sam.dataportal_descriptor AS sample_dataportal_descriptor , sam.t01 AS "sample_project", sam.t02 AS "sample_ship", sam.t03 AS "sample_operator", sam.t04 AS "sample_sampling_gear", sam.t05 AS "sample_uuid", sam.t06 AS "sample_gear_net_opening"
, prc.orig_id AS process_id , prc.t01 AS "process_pixel", prc.t02 AS "process_source", prc.t03 AS "process_commit", prc.t04 AS "process_datetime", prc.t05 AS "process_uuid", prc.t06 AS "process_1st_operation", prc.t07 AS "process_2nd_operation", prc.t08 AS "process_3rd_operation", prc.t09 AS "process_4th_operation", prc.t10 AS "process_5th_operation", prc.t11 AS "process_6th_operation", prc.t12 AS "process_7th_operation"
, acq.orig_id AS acq_id, acq.instrument AS acq_instrument , acq.t01 AS "acq_instrument_id", acq.t02 AS "acq_celltype", acq.t03 AS "acq_minimum_mesh", acq.t04 AS "acq_maximum_mesh", acq.t05 AS "acq_volume", acq.t06 AS "acq_imaged_volume", acq.t07 AS "acq_magnification", acq.t08 AS "acq_fnumber_objective", acq.t09 AS "acq_camera", acq.t10 AS "acq_nb_frame", acq.t11 AS "acq_software", acq.t12 AS "acq_local_datetime", acq.t13 AS "acq_camera_resolution", acq.t14 AS "acq_camera_iso", acq.t15 AS "acq_camera_shutter_speed", acq.t16 AS "acq_uuid" FROM (select 12236 as projid) prjs
 JOIN samples sam ON sam.projid = prjs.projid
 JOIN acquisitions acq ON acq.acq_sample_id = sam.sampleid
 JOIN process prc ON prc.processid = acq.acquisid
 JOIN obj_head obh ON obh.acquisid = acq.acquisid
 JOIN obj_field obf ON obf.objfid = obh.objid
 LEFT JOIN taxonomy txo ON txo.id = obh.classif_id
 LEFT JOIN users usr ON obh.classif_who = usr.id 
ORDER BY sam.orig_id ASC, obh.objid ASC
2025-06-05 16:03:55,669:API_operations.exports.ForProject:INFO Params : {'projid': '12236'}
2025-06-05 16:04:33,548:API_operations.exports.ForProject:INFO Writing into temptask file data.tsv
2025-06-05 16:04:34,565:API_operations.exports.ForProject:INFO Storing into zip as ecotaxa_1003.tsv
2025-06-05 16:04:34,778:API_operations.exports.ForProject:INFO Writing into temptask file data.tsv
2025-06-05 16:04:34,926:API_operations.exports.ForProject:INFO Storing into zip as ecotaxa_1004.tsv
2025-06-05 16:04:34,953:API_operations.exports.ForProject:INFO Writing into temptask file data.tsv
2025-06-05 16:04:35,687:API_operations.exports.ForProject:INFO Storing into zip as ecotaxa_1018.tsv
2025-06-05 16:04:35,842:API_operations.exports.ForProject:INFO Writing into temptask file data.tsv
2025-06-05 16:04:36,054:API_operations.exports.ForProject:INFO Row 10000 of max 484480
2025-06-05 16:04:36,441:API_operations.exports.ForProject:INFO Storing into zip as ecotaxa_1019.tsv
2025-06-05 16:04:36,551:API_operations.exports.ForProject:INFO Writing into temptask file data.tsv
2025-06-05 16:04:37,925:API_operations.exports.ForProject:INFO Storing into zip as ecotaxa_1029.tsv
2025-06-05 16:04:38,185:API_operations.exports.ForProject:INFO Writing into temptask file data.tsv
2025-06-05 16:04:38,553:API_operations.exports.ForProject:INFO Storing into zip as ecotaxa_1030.tsv
2025-06-05 16:04:38,608:API_operations.exports.ForProject:INFO Writing into temptask file data.tsv
2025-06-05 16:04:38,615:API_operations.exports.ForProject:INFO Row 20000 of max 484480
2025-06-05 16:04:39,347:API_operations.exports.ForProject:INFO Storing into zip as ecotaxa_1040.tsv
2025-06-05 16:04:39,487:API_operations.exports.ForProject:INFO Writing into temptask file data.tsv
2025-06-05 16:04:39,622:API_operations.exports.ForProject:INFO Storing into zip as ecotaxa_1042.tsv
2025-06-05 16:04:39,647:API_operations.exports.ForProject:INFO Writing into temptask file data.tsv
2025-06-05 16:04:40,292:API_operations.exports.ForProject:INFO Storing into zip as ecotaxa_1058.tsv
2025-06-05 16:04:40,438:API_operations.exports.ForProject:INFO Writing into temptask file data.tsv
2025-06-05 16:04:40,532:API_operations.exports.ForProject:INFO Storing into zip as ecotaxa_1060.tsv
2025-06-05 16:04:40,550:API_operations.exports.ForProject:INFO Writing into temptask file data.tsv
2025-06-05 16:04:40,573:API_operations.exports.ForProject:INFO Storing into zip as ecotaxa_1080.tsv
2025-06-05 16:04:40,577:API_operations.exports.ForProject:INFO Writing into temptask file data.tsv
2025-06-05 16:04:40,606:API_operations.exports.ForProject:INFO Storing into zip as ecotaxa_1082.tsv
2025-06-05 16:04:40,611:API_operations.exports.ForProject:INFO Writing into temptask file data.tsv
2025-06-05 16:04:40,633:API_operations.exports.ForProject:INFO Storing into zip as ecotaxa_1100.tsv
2025-06-05 16:04:40,638:API_operations.exports.ForProject:INFO Writing into temptask file data.tsv
2025-06-05 16:04:40,664:API_operations.exports.ForProject:INFO Storing into zip as ecotaxa_1102.tsv
2025-06-05 16:04:40,670:API_operations.exports.ForProject:INFO Writing into temptask file data.tsv
2025-06-05 16:04:40,684:API_operations.exports.ForProject:INFO Storing into zip as ecotaxa_1111.tsv
2025-06-05 16:04:40,686:API_operations.exports.ForProject:INFO Writing into temptask file data.tsv
2025-06-05 16:04:40,717:API_operations.exports.ForProject:INFO Storing into zip as ecotaxa_1113.tsv
2025-06-05 16:04:40,723:API_operations.exports.ForProject:INFO Writing into temptask file data.tsv
2025-06-05 16:04:40,736:API_operations.exports.ForProject:INFO Storing into zip as ecotaxa_1116.tsv
2025-06-05 16:04:40,738:API_operations.exports.ForProject:INFO Writing into temptask file data.tsv
2025-06-05 16:04:40,992:API_operations.exports.ForProject:INFO Row 30000 of max 484480
2025-06-05 16:04:41,930:API_operations.exports.ForProject:INFO Storing into zip as ecotaxa_1117.tsv
2025-06-05 16:04:42,149:API_operations.exports.ForProject:INFO Writing into temptask file data.tsv
2025-06-05 16:04:42,173:API_operations.exports.ForProject:INFO Storing into zip as ecotaxa_1120.tsv
2025-06-05 16:04:42,177:API_operations.exports.ForProject:INFO Writing into temptask file data.tsv
2025-06-05 16:04:42,197:API_operations.exports.ForProject:INFO Storing into zip as ecotaxa_1121.tsv
2025-06-05 16:04:42,201:API_operations.exports.ForProject:INFO Writing into temptask file data.tsv
2025-06-05 16:04:42,210:API_operations.exports.ForProject:INFO Storing into zip as ecotaxa_1124.tsv
2025-06-05 16:04:42,212:API_operations.exports.ForProject:INFO Writing into temptask file data.tsv
2025-06-05 16:04:42,235:API_operations.exports.ForProject:INFO Storing into zip as ecotaxa_1125.tsv
2025-06-05 16:04:42,240:API_operations.exports.ForProject:INFO Writing into temptask file data.tsv
2025-06-05 16:04:42,247:API_operations.exports.ForProject:INFO Storing into zip as ecotaxa_1128.tsv
2025-06-05 16:04:42,248:API_operations.exports.ForProject:INFO Writing into temptask file data.tsv
2025-06-05 16:04:42,270:API_operations.exports.ForProject:INFO Storing into zip as ecotaxa_1129.tsv
2025-06-05 16:04:42,274:API_operations.exports.ForProject:INFO Writing into temptask file data.tsv
2025-06-05 16:04:42,525:API_operations.exports.ForProject:INFO Storing into zip as ecotaxa_113.tsv
2025-06-05 16:04:42,574:API_operations.exports.ForProject:INFO Writing into temptask file data.tsv
2025-06-05 16:04:42,597:API_operations.exports.ForProject:INFO Storing into zip as ecotaxa_1132.tsv
2025-06-05 16:04:42,601:API_operations.exports.ForProject:INFO Writing into temptask file data.tsv
2025-06-05 16:04:42,615:API_operations.exports.ForProject:INFO Storing into zip as ecotaxa_1133.tsv
2025-06-05 16:04:42,618:API_operations.exports.ForProject:INFO Writing into temptask file data.tsv
2025-06-05 16:04:42,654:API_operations.exports.ForProject:INFO Storing into zip as ecotaxa_1136.tsv
2025-06-05 16:04:42,661:API_operations.exports.ForProject:INFO Writing into temptask file data.tsv
2025-06-05 16:04:42,678:API_operations.exports.ForProject:INFO Storing into zip as ecotaxa_1137.tsv
2025-06-05 16:04:42,681:API_operations.exports.ForProject:INFO Writing into temptask file data.tsv
2025-06-05 16:04:42,705:API_operations.exports.ForProject:INFO Storing into zip as ecotaxa_1139.tsv
2025-06-05 16:04:42,710:API_operations.exports.ForProject:INFO Writing into temptask file data.tsv
2025-06-05 16:04:42,968:API_operations.exports.ForProject:INFO Storing into zip as ecotaxa_114.tsv
2025-06-05 16:04:43,017:API_operations.exports.ForProject:INFO Writing into temptask file data.tsv
2025-06-05 16:04:43,028:API_operations.exports.ForProject:INFO Storing into zip as ecotaxa_1140.tsv
2025-06-05 16:04:43,030:API_operations.exports.ForProject:INFO Writing into temptask file data.tsv
2025-06-05 16:04:43,051:API_operations.exports.ForProject:INFO Storing into zip as ecotaxa_1143.tsv
2025-06-05 16:04:43,056:API_operations.exports.ForProject:INFO Writing into temptask file data.tsv
2025-06-05 16:04:43,085:API_operations.exports.ForProject:INFO Storing into zip as ecotaxa_1144.tsv
2025-06-05 16:04:43,090:API_operations.exports.ForProject:INFO Writing into temptask file data.tsv
2025-06-05 16:04:43,154:API_operations.exports.ForProject:INFO Storing into zip as ecotaxa_1149.tsv
2025-06-05 16:04:43,167:API_operations.exports.ForProject:INFO Writing into temptask file data.tsv
2025-06-05 16:04:43,246:API_operations.exports.ForProject:INFO Storing into zip as ecotaxa_1150.tsv
2025-06-05 16:04:43,262:API_operations.exports.ForProject:INFO Writing into temptask file data.tsv
2025-06-05 16:04:43,273:API_operations.exports.ForProject:INFO Storing into zip as ecotaxa_1153.tsv
2025-06-05 16:04:43,279:API_operations.exports.ForProject:INFO Writing into temptask file data.tsv
2025-06-05 16:04:43,318:API_operations.exports.ForProject:INFO Storing into zip as ecotaxa_1154.tsv
2025-06-05 16:04:43,326:API_operations.exports.ForProject:INFO Writing into temptask file data.tsv
2025-06-05 16:04:43,341:API_operations.exports.ForProject:INFO Storing into zip as ecotaxa_1156.tsv
2025-06-05 16:04:43,344:API_operations.exports.ForProject:INFO Writing into temptask file data.tsv
2025-06-05 16:04:43,355:API_operations.exports.ForProject:INFO Storing into zip as ecotaxa_1158.tsv
2025-06-05 16:04:43,357:API_operations.exports.ForProject:INFO Writing into temptask file data.tsv
2025-06-05 16:04:43,406:API_operations.exports.ForProject:INFO Row 40000 of max 484480
2025-06-05 16:04:43,468:API_operations.exports.ForProject:INFO Storing into zip as ecotaxa_1159.tsv
2025-06-05 16:04:43,488:API_operations.exports.ForProject:INFO Writing into temptask file data.tsv
2025-06-05 16:04:43,495:API_operations.exports.ForProject:INFO Storing into zip as ecotaxa_1162.tsv
2025-06-05 16:04:43,496:API_operations.exports.ForProject:INFO Writing into temptask file data.tsv
2025-06-05 16:04:43,519:API_operations.exports.ForProject:INFO Storing into zip as ecotaxa_1164.tsv
2025-06-05 16:04:43,524:API_operations.exports.ForProject:INFO Writing into temptask file data.tsv
2025-06-05 16:04:43,531:API_operations.exports.ForProject:INFO Storing into zip as ecotaxa_1166.tsv
2025-06-05 16:04:43,532:API_operations.exports.ForProject:INFO Writing into temptask file data.tsv
2025-06-05 16:04:43,539:API_operations.exports.ForProject:INFO Storing into zip as ecotaxa_1169.tsv
2025-06-05 16:04:43,541:API_operations.exports.ForProject:INFO Writing into temptask file data.tsv
2025-06-05 16:04:43,574:API_operations.exports.ForProject:INFO Storing into zip as ecotaxa_1170.tsv
2025-06-05 16:04:43,580:API_operations.exports.ForProject:INFO Writing into temptask file data.tsv
2025-06-05 16:04:43,592:API_operations.exports.ForProject:INFO Storing into zip as ecotaxa_1174.tsv
2025-06-05 16:04:43,594:API_operations.exports.ForProject:INFO Writing into temptask file data.tsv
2025-06-05 16:04:43,630:API_operations.exports.ForProject:INFO Storing into zip as ecotaxa_1176.tsv
2025-06-05 16:04:43,637:API_operations.exports.ForProject:INFO Writing into temptask file data.tsv
2025-06-05 16:04:44,130:API_operations.exports.ForProject:INFO Storing into zip as ecotaxa_1180.tsv
2025-06-05 16:04:44,226:API_operations.exports.ForProject:INFO Writing into temptask file data.tsv
2025-06-05 16:04:44,321:API_operations.exports.ForProject:INFO Storing into zip as ecotaxa_1182.tsv
2025-06-05 16:04:44,340:API_operations.exports.ForProject:INFO Writing into temptask file data.tsv
2025-06-05 16:04:45,556:API_operations.exports.ForProject:INFO Row 50000 of max 484480
2025-06-05 16:04:45,691:API_operations.exports.ForProject:INFO Storing into zip as ecotaxa_1185.tsv
2025-06-05 16:04:45,946:API_operations.exports.ForProject:INFO Writing into temptask file data.tsv
2025-06-05 16:04:46,125:API_operations.exports.ForProject:INFO Storing into zip as ecotaxa_1188.tsv
2025-06-05 16:04:46,160:API_operations.exports.ForProject:INFO Writing into temptask file data.tsv
2025-06-05 16:04:47,537:API_operations.exports.ForProject:INFO Storing into zip as ecotaxa_1191.tsv
2025-06-05 16:04:47,800:API_operations.exports.ForProject:INFO Writing into temptask file data.tsv
2025-06-05 16:04:48,013:API_operations.exports.ForProject:INFO Storing into zip as ecotaxa_1193.tsv
2025-06-05 16:04:48,054:API_operations.exports.ForProject:INFO Writing into temptask file data.tsv
2025-06-05 16:04:48,150:API_operations.exports.ForProject:INFO Row 60000 of max 484480
2025-06-05 16:04:49,518:API_operations.exports.ForProject:INFO Storing into zip as ecotaxa_1197.tsv
2025-06-05 16:04:49,795:API_operations.exports.ForProject:INFO Writing into temptask file data.tsv
2025-06-05 16:04:50,136:API_operations.exports.ForProject:INFO Storing into zip as ecotaxa_1198.tsv
2025-06-05 16:04:50,202:API_operations.exports.ForProject:INFO Writing into temptask file data.tsv
2025-06-05 16:04:50,478:API_operations.exports.ForProject:INFO Row 70000 of max 484480
2025-06-05 16:04:51,268:API_operations.exports.ForProject:INFO Storing into zip as ecotaxa_1202.tsv
2025-06-05 16:04:51,472:API_operations.exports.ForProject:INFO Writing into temptask file data.tsv
2025-06-05 16:04:52,671:API_operations.exports.ForProject:INFO Row 80000 of max 484480
2025-06-05 16:04:52,743:API_operations.exports.ForProject:INFO Storing into zip as ecotaxa_1203.tsv
2025-06-05 16:04:52,983:API_operations.exports.ForProject:INFO Writing into temptask file data.tsv
2025-06-05 16:04:53,561:API_operations.exports.ForProject:INFO Storing into zip as ecotaxa_1204.tsv
2025-06-05 16:04:53,674:API_operations.exports.ForProject:INFO Writing into temptask file data.tsv
2025-06-05 16:04:55,019:API_operations.exports.ForProject:INFO Row 90000 of max 484480
2025-06-05 16:04:56,324:API_operations.exports.ForProject:INFO Storing into zip as ecotaxa_1206.tsv
2025-06-05 16:04:56,833:API_operations.exports.ForProject:INFO Writing into temptask file data.tsv
2025-06-05 16:04:57,532:API_operations.exports.ForProject:INFO Row 100000 of max 484480
2025-06-05 16:04:59,211:API_operations.exports.ForProject:INFO Storing into zip as ecotaxa_1207.tsv
2025-06-05 16:04:59,666:API_operations.exports.ForProject:INFO Writing into temptask file data.tsv
2025-06-05 16:04:59,760:API_operations.exports.ForProject:INFO Storing into zip as ecotaxa_1208.tsv
2025-06-05 16:04:59,777:API_operations.exports.ForProject:INFO Writing into temptask file data.tsv
2025-06-05 16:04:59,789:API_operations.exports.ForProject:INFO Storing into zip as ecotaxa_1211.tsv
2025-06-05 16:04:59,792:API_operations.exports.ForProject:INFO Writing into temptask file data.tsv
2025-06-05 16:04:59,877:API_operations.exports.ForProject:INFO Storing into zip as ecotaxa_1212.tsv
2025-06-05 16:04:59,893:API_operations.exports.ForProject:INFO Writing into temptask file data.tsv
2025-06-05 16:04:59,914:API_operations.exports.ForProject:INFO Storing into zip as ecotaxa_1215.tsv
2025-06-05 16:04:59,919:API_operations.exports.ForProject:INFO Writing into temptask file data.tsv
2025-06-05 16:04:59,970:API_operations.exports.ForProject:INFO Storing into zip as ecotaxa_1216.tsv
2025-06-05 16:04:59,981:API_operations.exports.ForProject:INFO Writing into temptask file data.tsv
2025-06-05 16:04:59,991:API_operations.exports.ForProject:INFO Storing into zip as ecotaxa_1219.tsv
2025-06-05 16:04:59,993:API_operations.exports.ForProject:INFO Writing into temptask file data.tsv
2025-06-05 16:05:00,032:API_operations.exports.ForProject:INFO Row 110000 of max 484480
2025-06-05 16:05:00,049:API_operations.exports.ForProject:INFO Storing into zip as ecotaxa_1220.tsv
2025-06-05 16:05:00,058:API_operations.exports.ForProject:INFO Writing into temptask file data.tsv
2025-06-05 16:05:00,091:API_operations.exports.ForProject:INFO Storing into zip as ecotaxa_1223.tsv
2025-06-05 16:05:00,097:API_operations.exports.ForProject:INFO Writing into temptask file data.tsv
2025-06-05 16:05:00,116:API_operations.exports.ForProject:INFO Storing into zip as ecotaxa_1228.tsv
2025-06-05 16:05:00,120:API_operations.exports.ForProject:INFO Writing into temptask file data.tsv
2025-06-05 16:05:00,159:API_operations.exports.ForProject:INFO Storing into zip as ecotaxa_1229.tsv
2025-06-05 16:05:00,166:API_operations.exports.ForProject:INFO Writing into temptask file data.tsv
2025-06-05 16:05:00,221:API_operations.exports.ForProject:INFO Storing into zip as ecotaxa_1231.tsv
2025-06-05 16:05:00,232:API_operations.exports.ForProject:INFO Writing into temptask file data.tsv
2025-06-05 16:05:00,263:API_operations.exports.ForProject:INFO Storing into zip as ecotaxa_1236.tsv
2025-06-05 16:05:00,269:API_operations.exports.ForProject:INFO Writing into temptask file data.tsv
2025-06-05 16:05:00,298:API_operations.exports.ForProject:INFO Storing into zip as ecotaxa_1237.tsv
2025-06-05 16:05:00,303:API_operations.exports.ForProject:INFO Writing into temptask file data.tsv
2025-06-05 16:05:00,341:API_operations.exports.ForProject:INFO Storing into zip as ecotaxa_1239.tsv
2025-06-05 16:05:00,348:API_operations.exports.ForProject:INFO Writing into temptask file data.tsv
2025-06-05 16:05:00,421:API_operations.exports.ForProject:INFO Storing into zip as ecotaxa_1244.tsv
2025-06-05 16:05:00,435:API_operations.exports.ForProject:INFO Writing into temptask file data.tsv
2025-06-05 16:05:00,519:API_operations.exports.ForProject:INFO Storing into zip as ecotaxa_1245.tsv
2025-06-05 16:05:00,535:API_operations.exports.ForProject:INFO Writing into temptask file data.tsv
2025-06-05 16:05:00,568:API_operations.exports.ForProject:INFO Storing into zip as ecotaxa_1247.tsv
2025-06-05 16:05:00,574:API_operations.exports.ForProject:INFO Writing into temptask file data.tsv
2025-06-05 16:05:00,644:API_operations.exports.ForProject:INFO Storing into zip as ecotaxa_125.tsv
2025-06-05 16:05:00,658:API_operations.exports.ForProject:INFO Writing into temptask file data.tsv
2025-06-05 16:05:00,696:API_operations.exports.ForProject:INFO Storing into zip as ecotaxa_1251.tsv
2025-06-05 16:05:00,703:API_operations.exports.ForProject:INFO Writing into temptask file data.tsv
2025-06-05 16:05:00,726:API_operations.exports.ForProject:INFO Storing into zip as ecotaxa_1252.tsv
2025-06-05 16:05:00,730:API_operations.exports.ForProject:INFO Writing into temptask file data.tsv
2025-06-05 16:05:00,816:API_operations.exports.ForProject:INFO Storing into zip as ecotaxa_1254.tsv
2025-06-05 16:05:00,832:API_operations.exports.ForProject:INFO Writing into temptask file data.tsv
2025-06-05 16:05:00,860:API_operations.exports.ForProject:INFO Storing into zip as ecotaxa_1255.tsv
2025-06-05 16:05:00,865:API_operations.exports.ForProject:INFO Writing into temptask file data.tsv
2025-06-05 16:05:00,884:API_operations.exports.ForProject:INFO Storing into zip as ecotaxa_1256.tsv
2025-06-05 16:05:00,887:API_operations.exports.ForProject:INFO Writing into temptask file data.tsv
2025-06-05 16:05:01,020:API_operations.exports.ForProject:INFO Storing into zip as ecotaxa_1258.tsv
2025-06-05 16:05:01,046:API_operations.exports.ForProject:INFO Writing into temptask file data.tsv
2025-06-05 16:05:01,125:API_operations.exports.ForProject:INFO Storing into zip as ecotaxa_1259.tsv
2025-06-05 16:05:01,140:API_operations.exports.ForProject:INFO Writing into temptask file data.tsv
2025-06-05 16:05:01,219:API_operations.exports.ForProject:INFO Storing into zip as ecotaxa_126.tsv
2025-06-05 16:05:01,235:API_operations.exports.ForProject:INFO Writing into temptask file data.tsv
2025-06-05 16:05:01,290:API_operations.exports.ForProject:INFO Storing into zip as ecotaxa_1260.tsv
2025-06-05 16:05:01,301:API_operations.exports.ForProject:INFO Writing into temptask file data.tsv
2025-06-05 16:05:01,544:API_operations.exports.ForProject:INFO Storing into zip as ecotaxa_1262.tsv
2025-06-05 16:05:01,591:API_operations.exports.ForProject:INFO Writing into temptask file data.tsv
2025-06-05 16:05:01,663:API_operations.exports.ForProject:INFO Storing into zip as ecotaxa_1263.tsv
2025-06-05 16:05:01,677:API_operations.exports.ForProject:INFO Writing into temptask file data.tsv
2025-06-05 16:05:01,896:API_operations.exports.ForProject:INFO Storing into zip as ecotaxa_1264.tsv
2025-06-05 16:05:01,938:API_operations.exports.ForProject:INFO Writing into temptask file data.tsv
2025-06-05 16:05:02,210:API_operations.exports.ForProject:INFO Storing into zip as ecotaxa_1267.tsv
2025-06-05 16:05:02,262:API_operations.exports.ForProject:INFO Writing into temptask file data.tsv
2025-06-05 16:05:02,302:API_operations.exports.ForProject:INFO Storing into zip as ecotaxa_1268.tsv
2025-06-05 16:05:02,309:API_operations.exports.ForProject:INFO Writing into temptask file data.tsv
2025-06-05 16:05:02,396:API_operations.exports.ForProject:INFO Row 120000 of max 484480
2025-06-05 16:05:02,651:API_operations.exports.ForProject:INFO Storing into zip as ecotaxa_1272.tsv
2025-06-05 16:05:02,715:API_operations.exports.ForProject:INFO Writing into temptask file data.tsv
2025-06-05 16:05:02,883:API_operations.exports.ForProject:INFO Storing into zip as ecotaxa_1273.tsv
2025-06-05 16:05:02,913:API_operations.exports.ForProject:INFO Writing into temptask file data.tsv
2025-06-05 16:05:02,985:API_operations.exports.ForProject:INFO Storing into zip as ecotaxa_1274.tsv
2025-06-05 16:05:02,999:API_operations.exports.ForProject:INFO Writing into temptask file data.tsv
2025-06-05 16:05:03,018:API_operations.exports.ForProject:INFO Storing into zip as ecotaxa_1276.tsv
2025-06-05 16:05:03,022:API_operations.exports.ForProject:INFO Writing into temptask file data.tsv
2025-06-05 16:05:03,222:API_operations.exports.ForProject:INFO Storing into zip as ecotaxa_1279.tsv
2025-06-05 16:05:03,261:API_operations.exports.ForProject:INFO Writing into temptask file data.tsv
2025-06-05 16:05:03,325:API_operations.exports.ForProject:INFO Storing into zip as ecotaxa_1280.tsv
2025-06-05 16:05:03,337:API_operations.exports.ForProject:INFO Writing into temptask file data.tsv
2025-06-05 16:05:03,385:API_operations.exports.ForProject:INFO Storing into zip as ecotaxa_1281.tsv
2025-06-05 16:05:03,394:API_operations.exports.ForProject:INFO Writing into temptask file data.tsv
2025-06-05 16:05:03,413:API_operations.exports.ForProject:INFO Storing into zip as ecotaxa_1284.tsv
2025-06-05 16:05:03,417:API_operations.exports.ForProject:INFO Writing into temptask file data.tsv
2025-06-05 16:05:03,440:API_operations.exports.ForProject:INFO Storing into zip as ecotaxa_1285.tsv
2025-06-05 16:05:03,444:API_operations.exports.ForProject:INFO Writing into temptask file data.tsv
2025-06-05 16:05:03,456:API_operations.exports.ForProject:INFO Storing into zip as ecotaxa_1286.tsv
2025-06-05 16:05:03,459:API_operations.exports.ForProject:INFO Writing into temptask file data.tsv
2025-06-05 16:05:03,483:API_operations.exports.ForProject:INFO Storing into zip as ecotaxa_1288.tsv
2025-06-05 16:05:03,488:API_operations.exports.ForProject:INFO Writing into temptask file data.tsv
2025-06-05 16:05:03,509:API_operations.exports.ForProject:INFO Storing into zip as ecotaxa_1289.tsv
2025-06-05 16:05:03,513:API_operations.exports.ForProject:INFO Writing into temptask file data.tsv
2025-06-05 16:05:03,524:API_operations.exports.ForProject:INFO Storing into zip as ecotaxa_1291.tsv
2025-06-05 16:05:03,526:API_operations.exports.ForProject:INFO Writing into temptask file data.tsv
2025-06-05 16:05:03,560:API_operations.exports.ForProject:INFO Storing into zip as ecotaxa_1293.tsv
2025-06-05 16:05:03,566:API_operations.exports.ForProject:INFO Writing into temptask file data.tsv
2025-06-05 16:05:03,575:API_operations.exports.ForProject:INFO Storing into zip as ecotaxa_1294.tsv
2025-06-05 16:05:03,577:API_operations.exports.ForProject:INFO Writing into temptask file data.tsv
2025-06-05 16:05:03,590:API_operations.exports.ForProject:INFO Storing into zip as ecotaxa_1295.tsv
2025-06-05 16:05:03,592:API_operations.exports.ForProject:INFO Writing into temptask file data.tsv
2025-06-05 16:05:03,599:API_operations.exports.ForProject:INFO Storing into zip as ecotaxa_1297.tsv
2025-06-05 16:05:03,601:API_operations.exports.ForProject:INFO Writing into temptask file data.tsv
2025-06-05 16:05:03,638:API_operations.exports.ForProject:INFO Storing into zip as ecotaxa_1298.tsv
2025-06-05 16:05:03,645:API_operations.exports.ForProject:INFO Writing into temptask file data.tsv
2025-06-05 16:05:03,680:API_operations.exports.ForProject:INFO Storing into zip as ecotaxa_1299.tsv
2025-06-05 16:05:03,687:API_operations.exports.ForProject:INFO Writing into temptask file data.tsv
2025-06-05 16:05:03,700:API_operations.exports.ForProject:INFO Storing into zip as ecotaxa_1300.tsv
2025-06-05 16:05:03,703:API_operations.exports.ForProject:INFO Writing into temptask file data.tsv
2025-06-05 16:05:03,757:API_operations.exports.ForProject:INFO Storing into zip as ecotaxa_1301.tsv
2025-06-05 16:05:03,768:API_operations.exports.ForProject:INFO Writing into temptask file data.tsv
2025-06-05 16:05:03,801:API_operations.exports.ForProject:INFO Storing into zip as ecotaxa_1302.tsv
2025-06-05 16:05:03,808:API_operations.exports.ForProject:INFO Writing into temptask file data.tsv
2025-06-05 16:05:03,823:API_operations.exports.ForProject:INFO Storing into zip as ecotaxa_1303.tsv
2025-06-05 16:05:03,825:API_operations.exports.ForProject:INFO Writing into temptask file data.tsv
2025-06-05 16:05:03,862:API_operations.exports.ForProject:INFO Storing into zip as ecotaxa_1304.tsv
2025-06-05 16:05:03,869:API_operations.exports.ForProject:INFO Writing into temptask file data.tsv
2025-06-05 16:05:03,918:API_operations.exports.ForProject:INFO Storing into zip as ecotaxa_1306.tsv
2025-06-05 16:05:03,927:API_operations.exports.ForProject:INFO Writing into temptask file data.tsv
2025-06-05 16:05:04,027:API_operations.exports.ForProject:INFO Storing into zip as ecotaxa_132.tsv
2025-06-05 16:05:04,047:API_operations.exports.ForProject:INFO Writing into temptask file data.tsv
2025-06-05 16:05:04,169:API_operations.exports.ForProject:INFO Storing into zip as ecotaxa_133.tsv
2025-06-05 16:05:04,193:API_operations.exports.ForProject:INFO Writing into temptask file data.tsv
2025-06-05 16:05:04,365:API_operations.exports.ForProject:INFO Storing into zip as ecotaxa_147.tsv
2025-06-05 16:05:04,400:API_operations.exports.ForProject:INFO Writing into temptask file data.tsv
2025-06-05 16:05:04,566:API_operations.exports.ForProject:INFO Storing into zip as ecotaxa_148.tsv
2025-06-05 16:05:04,599:API_operations.exports.ForProject:INFO Writing into temptask file data.tsv
2025-06-05 16:05:04,715:API_operations.exports.ForProject:INFO Storing into zip as ecotaxa_151.tsv
2025-06-05 16:05:04,737:API_operations.exports.ForProject:INFO Writing into temptask file data.tsv
2025-06-05 16:05:04,792:API_operations.exports.ForProject:INFO Row 130000 of max 484480
2025-06-05 16:05:04,849:API_operations.exports.ForProject:INFO Storing into zip as ecotaxa_152.tsv
2025-06-05 16:05:04,869:API_operations.exports.ForProject:INFO Writing into temptask file data.tsv
2025-06-05 16:05:05,011:API_operations.exports.ForProject:INFO Storing into zip as ecotaxa_166.tsv
2025-06-05 16:05:05,038:API_operations.exports.ForProject:INFO Writing into temptask file data.tsv
2025-06-05 16:05:05,195:API_operations.exports.ForProject:INFO Storing into zip as ecotaxa_167.tsv
2025-06-05 16:05:05,225:API_operations.exports.ForProject:INFO Writing into temptask file data.tsv
2025-06-05 16:05:05,354:API_operations.exports.ForProject:INFO Storing into zip as ecotaxa_173.tsv
2025-06-05 16:05:05,379:API_operations.exports.ForProject:INFO Writing into temptask file data.tsv
2025-06-05 16:05:05,519:API_operations.exports.ForProject:INFO Storing into zip as ecotaxa_174.tsv
2025-06-05 16:05:05,547:API_operations.exports.ForProject:INFO Writing into temptask file data.tsv
2025-06-05 16:05:05,757:API_operations.exports.ForProject:INFO Storing into zip as ecotaxa_186.tsv
2025-06-05 16:05:05,798:API_operations.exports.ForProject:INFO Writing into temptask file data.tsv
2025-06-05 16:05:06,684:API_operations.exports.ForProject:INFO Storing into zip as ecotaxa_187.tsv
2025-06-05 16:05:06,857:API_operations.exports.ForProject:INFO Writing into temptask file data.tsv
2025-06-05 16:05:07,078:API_operations.exports.ForProject:INFO Storing into zip as ecotaxa_201.tsv
2025-06-05 16:05:07,121:API_operations.exports.ForProject:INFO Writing into temptask file data.tsv
2025-06-05 16:05:07,188:API_operations.exports.ForProject:INFO Storing into zip as ecotaxa_204.tsv
2025-06-05 16:05:07,201:API_operations.exports.ForProject:INFO Writing into temptask file data.tsv
2025-06-05 16:05:07,203:API_operations.exports.ForProject:INFO Row 140000 of max 484480
2025-06-05 16:05:07,296:API_operations.exports.ForProject:INFO Storing into zip as ecotaxa_218.tsv
2025-06-05 16:05:07,312:API_operations.exports.ForProject:INFO Writing into temptask file data.tsv
2025-06-05 16:05:07,342:API_operations.exports.ForProject:INFO Storing into zip as ecotaxa_219.tsv
2025-06-05 16:05:07,348:API_operations.exports.ForProject:INFO Writing into temptask file data.tsv
2025-06-05 16:05:07,539:API_operations.exports.ForProject:INFO Storing into zip as ecotaxa_228.tsv
2025-06-05 16:05:07,580:API_operations.exports.ForProject:INFO Writing into temptask file data.tsv
2025-06-05 16:05:07,655:API_operations.exports.ForProject:INFO Storing into zip as ecotaxa_231.tsv
2025-06-05 16:05:07,668:API_operations.exports.ForProject:INFO Writing into temptask file data.tsv
2025-06-05 16:05:07,938:API_operations.exports.ForProject:INFO Storing into zip as ecotaxa_257.tsv
2025-06-05 16:05:08,009:API_operations.exports.ForProject:INFO Writing into temptask file data.tsv
2025-06-05 16:05:08,282:API_operations.exports.ForProject:INFO Storing into zip as ecotaxa_258.tsv
2025-06-05 16:05:08,335:API_operations.exports.ForProject:INFO Writing into temptask file data.tsv
2025-06-05 16:05:08,523:API_operations.exports.ForProject:INFO Storing into zip as ecotaxa_274.tsv
2025-06-05 16:05:08,560:API_operations.exports.ForProject:INFO Writing into temptask file data.tsv
2025-06-05 16:05:09,173:API_operations.exports.ForProject:INFO Storing into zip as ecotaxa_275.tsv
2025-06-05 16:05:09,290:API_operations.exports.ForProject:INFO Writing into temptask file data.tsv
2025-06-05 16:05:09,646:API_operations.exports.ForProject:INFO Row 150000 of max 484480
2025-06-05 16:05:09,674:API_operations.exports.ForProject:INFO Storing into zip as ecotaxa_285.tsv
2025-06-05 16:05:09,751:API_operations.exports.ForProject:INFO Writing into temptask file data.tsv
2025-06-05 16:05:10,399:API_operations.exports.ForProject:INFO Storing into zip as ecotaxa_286.tsv
2025-06-05 16:05:10,540:API_operations.exports.ForProject:INFO Writing into temptask file data.tsv
2025-06-05 16:05:10,733:API_operations.exports.ForProject:INFO Storing into zip as ecotaxa_289.tsv
2025-06-05 16:05:10,771:API_operations.exports.ForProject:INFO Writing into temptask file data.tsv
2025-06-05 16:05:11,105:API_operations.exports.ForProject:INFO Storing into zip as ecotaxa_291.tsv
2025-06-05 16:05:11,170:API_operations.exports.ForProject:INFO Writing into temptask file data.tsv
2025-06-05 16:05:11,460:API_operations.exports.ForProject:INFO Storing into zip as ecotaxa_301.tsv
2025-06-05 16:05:11,523:API_operations.exports.ForProject:INFO Writing into temptask file data.tsv
2025-06-05 16:05:11,831:API_operations.exports.ForProject:INFO Storing into zip as ecotaxa_302.tsv
2025-06-05 16:05:11,888:API_operations.exports.ForProject:INFO Writing into temptask file data.tsv
2025-06-05 16:05:12,164:API_operations.exports.ForProject:INFO Row 160000 of max 484480
2025-06-05 16:05:12,297:API_operations.exports.ForProject:INFO Storing into zip as ecotaxa_309.tsv
2025-06-05 16:05:12,380:API_operations.exports.ForProject:INFO Writing into temptask file data.tsv
2025-06-05 16:05:13,469:API_operations.exports.ForProject:INFO Storing into zip as ecotaxa_310.tsv
2025-06-05 16:05:13,698:API_operations.exports.ForProject:INFO Writing into temptask file data.tsv
2025-06-05 16:05:14,357:API_operations.exports.ForProject:INFO Storing into zip as ecotaxa_322.tsv
2025-06-05 16:05:14,490:API_operations.exports.ForProject:INFO Writing into temptask file data.tsv
2025-06-05 16:05:14,651:API_operations.exports.ForProject:INFO Row 170000 of max 484480
2025-06-05 16:05:15,167:API_operations.exports.ForProject:INFO Storing into zip as ecotaxa_323.tsv
2025-06-05 16:05:15,305:API_operations.exports.ForProject:INFO Writing into temptask file data.tsv
2025-06-05 16:05:15,582:API_operations.exports.ForProject:INFO Storing into zip as ecotaxa_329.tsv
2025-06-05 16:05:15,634:API_operations.exports.ForProject:INFO Writing into temptask file data.tsv
2025-06-05 16:05:15,911:API_operations.exports.ForProject:INFO Storing into zip as ecotaxa_331.tsv
2025-06-05 16:05:15,962:API_operations.exports.ForProject:INFO Writing into temptask file data.tsv
2025-06-05 16:05:16,942:API_operations.exports.ForProject:INFO Row 180000 of max 484480
2025-06-05 16:05:18,885:API_operations.exports.ForProject:INFO Storing into zip as ecotaxa_337.tsv
2025-06-05 16:05:19,447:API_operations.exports.ForProject:INFO Writing into temptask file data.tsv
2025-06-05 16:05:19,620:API_operations.exports.ForProject:INFO Row 190000 of max 484480
2025-06-05 16:05:19,689:API_operations.exports.ForProject:INFO Storing into zip as ecotaxa_339.tsv
2025-06-05 16:05:19,734:API_operations.exports.ForProject:INFO Writing into temptask file data.tsv
2025-06-05 16:05:19,862:API_operations.exports.ForProject:INFO Storing into zip as ecotaxa_34.tsv
2025-06-05 16:05:19,887:API_operations.exports.ForProject:INFO Writing into temptask file data.tsv
2025-06-05 16:05:20,913:API_operations.exports.ForProject:INFO Storing into zip as ecotaxa_341.tsv
2025-06-05 16:05:21,132:API_operations.exports.ForProject:INFO Writing into temptask file data.tsv
2025-06-05 16:05:21,225:API_operations.exports.ForProject:INFO Storing into zip as ecotaxa_343.tsv
2025-06-05 16:05:21,243:API_operations.exports.ForProject:INFO Writing into temptask file data.tsv
2025-06-05 16:05:21,574:API_operations.exports.ForProject:INFO Storing into zip as ecotaxa_348.tsv
2025-06-05 16:05:21,639:API_operations.exports.ForProject:INFO Writing into temptask file data.tsv
2025-06-05 16:05:21,779:API_operations.exports.ForProject:INFO Storing into zip as ecotaxa_35.tsv
2025-06-05 16:05:21,806:API_operations.exports.ForProject:INFO Writing into temptask file data.tsv
2025-06-05 16:05:21,860:API_operations.exports.ForProject:INFO Storing into zip as ecotaxa_351.tsv
2025-06-05 16:05:21,871:API_operations.exports.ForProject:INFO Writing into temptask file data.tsv
2025-06-05 16:05:21,900:API_operations.exports.ForProject:INFO Storing into zip as ecotaxa_356.tsv
2025-06-05 16:05:21,906:API_operations.exports.ForProject:INFO Writing into temptask file data.tsv
2025-06-05 16:05:21,920:API_operations.exports.ForProject:INFO Storing into zip as ecotaxa_358.tsv
2025-06-05 16:05:21,923:API_operations.exports.ForProject:INFO Writing into temptask file data.tsv
2025-06-05 16:05:22,079:API_operations.exports.ForProject:INFO Row 200000 of max 484480
2025-06-05 16:05:22,222:API_operations.exports.ForProject:INFO Storing into zip as ecotaxa_370.tsv
2025-06-05 16:05:22,278:API_operations.exports.ForProject:INFO Writing into temptask file data.tsv
2025-06-05 16:05:22,293:API_operations.exports.ForProject:INFO Storing into zip as ecotaxa_373.tsv
2025-06-05 16:05:22,296:API_operations.exports.ForProject:INFO Writing into temptask file data.tsv
2025-06-05 16:05:22,960:API_operations.exports.ForProject:INFO Storing into zip as ecotaxa_383.tsv
2025-06-05 16:05:23,094:API_operations.exports.ForProject:INFO Writing into temptask file data.tsv
2025-06-05 16:05:23,114:API_operations.exports.ForProject:INFO Storing into zip as ecotaxa_386.tsv
2025-06-05 16:05:23,117:API_operations.exports.ForProject:INFO Writing into temptask file data.tsv
2025-06-05 16:05:23,464:API_operations.exports.ForProject:INFO Storing into zip as ecotaxa_393.tsv
2025-06-05 16:05:23,533:API_operations.exports.ForProject:INFO Writing into temptask file data.tsv
2025-06-05 16:05:23,817:API_operations.exports.ForProject:INFO Storing into zip as ecotaxa_394.tsv
2025-06-05 16:05:23,877:API_operations.exports.ForProject:INFO Writing into temptask file data.tsv
2025-06-05 16:05:24,471:API_operations.exports.ForProject:INFO Row 210000 of max 484480
2025-06-05 16:05:24,587:API_operations.exports.ForProject:INFO Storing into zip as ecotaxa_398.tsv
2025-06-05 16:05:24,744:API_operations.exports.ForProject:INFO Writing into temptask file data.tsv
2025-06-05 16:05:25,414:API_operations.exports.ForProject:INFO Storing into zip as ecotaxa_399.tsv
2025-06-05 16:05:25,540:API_operations.exports.ForProject:INFO Writing into temptask file data.tsv
2025-06-05 16:05:25,618:API_operations.exports.ForProject:INFO Storing into zip as ecotaxa_40.tsv
2025-06-05 16:05:25,633:API_operations.exports.ForProject:INFO Writing into temptask file data.tsv
2025-06-05 16:05:25,713:API_operations.exports.ForProject:INFO Storing into zip as ecotaxa_41.tsv
2025-06-05 16:05:25,729:API_operations.exports.ForProject:INFO Writing into temptask file data.tsv
2025-06-05 16:05:25,764:API_operations.exports.ForProject:INFO Storing into zip as ecotaxa_410.tsv
2025-06-05 16:05:25,770:API_operations.exports.ForProject:INFO Writing into temptask file data.tsv
2025-06-05 16:05:25,969:API_operations.exports.ForProject:INFO Storing into zip as ecotaxa_411.tsv
2025-06-05 16:05:26,007:API_operations.exports.ForProject:INFO Writing into temptask file data.tsv
2025-06-05 16:05:26,919:API_operations.exports.ForProject:INFO Row 220000 of max 484480
2025-06-05 16:05:26,947:API_operations.exports.ForProject:INFO Storing into zip as ecotaxa_418.tsv
2025-06-05 16:05:27,133:API_operations.exports.ForProject:INFO Writing into temptask file data.tsv
2025-06-05 16:05:27,256:API_operations.exports.ForProject:INFO Storing into zip as ecotaxa_421.tsv
2025-06-05 16:05:27,281:API_operations.exports.ForProject:INFO Writing into temptask file data.tsv
2025-06-05 16:05:27,596:API_operations.exports.ForProject:INFO Storing into zip as ecotaxa_422.tsv
2025-06-05 16:05:27,657:API_operations.exports.ForProject:INFO Writing into temptask file data.tsv
2025-06-05 16:05:28,250:API_operations.exports.ForProject:INFO Storing into zip as ecotaxa_430.tsv
2025-06-05 16:05:28,364:API_operations.exports.ForProject:INFO Writing into temptask file data.tsv
2025-06-05 16:05:28,918:API_operations.exports.ForProject:INFO Storing into zip as ecotaxa_431.tsv
2025-06-05 16:05:29,024:API_operations.exports.ForProject:INFO Writing into temptask file data.tsv
2025-06-05 16:05:29,443:API_operations.exports.ForProject:INFO Storing into zip as ecotaxa_443.tsv
2025-06-05 16:05:29,526:API_operations.exports.ForProject:INFO Writing into temptask file data.tsv
2025-06-05 16:05:29,532:API_operations.exports.ForProject:INFO Row 230000 of max 484480
2025-06-05 16:05:30,636:API_operations.exports.ForProject:INFO Storing into zip as ecotaxa_444.tsv
2025-06-05 16:05:30,837:API_operations.exports.ForProject:INFO Writing into temptask file data.tsv
2025-06-05 16:05:31,206:API_operations.exports.ForProject:INFO Storing into zip as ecotaxa_45.tsv
2025-06-05 16:05:31,278:API_operations.exports.ForProject:INFO Writing into temptask file data.tsv
2025-06-05 16:05:31,825:API_operations.exports.ForProject:INFO Storing into zip as ecotaxa_451.tsv
2025-06-05 16:05:31,930:API_operations.exports.ForProject:INFO Writing into temptask file data.tsv
2025-06-05 16:05:31,990:API_operations.exports.ForProject:INFO Row 240000 of max 484480
2025-06-05 16:05:32,905:API_operations.exports.ForProject:INFO Storing into zip as ecotaxa_452.tsv
2025-06-05 16:05:33,094:API_operations.exports.ForProject:INFO Writing into temptask file data.tsv
2025-06-05 16:05:33,661:API_operations.exports.ForProject:INFO Storing into zip as ecotaxa_459.tsv
2025-06-05 16:05:33,770:API_operations.exports.ForProject:INFO Writing into temptask file data.tsv
2025-06-05 16:05:34,135:API_operations.exports.ForProject:INFO Storing into zip as ecotaxa_46.tsv
2025-06-05 16:05:34,206:API_operations.exports.ForProject:INFO Writing into temptask file data.tsv
2025-06-05 16:05:34,363:API_operations.exports.ForProject:INFO Row 250000 of max 484480
2025-06-05 16:05:35,358:API_operations.exports.ForProject:INFO Storing into zip as ecotaxa_460.tsv
2025-06-05 16:05:35,580:API_operations.exports.ForProject:INFO Writing into temptask file data.tsv
2025-06-05 16:05:35,830:API_operations.exports.ForProject:INFO Storing into zip as ecotaxa_470.tsv
2025-06-05 16:05:35,879:API_operations.exports.ForProject:INFO Writing into temptask file data.tsv
2025-06-05 16:05:36,641:API_operations.exports.ForProject:INFO Row 260000 of max 484480
2025-06-05 16:05:37,028:API_operations.exports.ForProject:INFO Storing into zip as ecotaxa_472.tsv
2025-06-05 16:05:37,251:API_operations.exports.ForProject:INFO Writing into temptask file data.tsv
2025-06-05 16:05:37,686:API_operations.exports.ForProject:INFO Storing into zip as ecotaxa_479.tsv
2025-06-05 16:05:37,771:API_operations.exports.ForProject:INFO Writing into temptask file data.tsv
2025-06-05 16:05:38,404:API_operations.exports.ForProject:INFO Storing into zip as ecotaxa_480.tsv
2025-06-05 16:05:38,526:API_operations.exports.ForProject:INFO Writing into temptask file data.tsv
2025-06-05 16:05:38,644:API_operations.exports.ForProject:INFO Storing into zip as ecotaxa_490.tsv
2025-06-05 16:05:38,667:API_operations.exports.ForProject:INFO Writing into temptask file data.tsv
2025-06-05 16:05:38,718:API_operations.exports.ForProject:INFO Storing into zip as ecotaxa_493.tsv
2025-06-05 16:05:38,728:API_operations.exports.ForProject:INFO Writing into temptask file data.tsv
2025-06-05 16:05:38,757:API_operations.exports.ForProject:INFO Storing into zip as ecotaxa_504.tsv
2025-06-05 16:05:38,763:API_operations.exports.ForProject:INFO Writing into temptask file data.tsv
2025-06-05 16:05:38,805:API_operations.exports.ForProject:INFO Storing into zip as ecotaxa_505.tsv
2025-06-05 16:05:38,814:API_operations.exports.ForProject:INFO Writing into temptask file data.tsv
2025-06-05 16:05:39,051:API_operations.exports.ForProject:INFO Storing into zip as ecotaxa_522.tsv
2025-06-05 16:05:39,097:API_operations.exports.ForProject:INFO Writing into temptask file data.tsv
2025-06-05 16:05:39,124:API_operations.exports.ForProject:INFO Storing into zip as ecotaxa_525.tsv
2025-06-05 16:05:39,130:API_operations.exports.ForProject:INFO Writing into temptask file data.tsv
2025-06-05 16:05:39,174:API_operations.exports.ForProject:INFO Row 270000 of max 484480
2025-06-05 16:05:39,866:API_operations.exports.ForProject:INFO Storing into zip as ecotaxa_536.tsv
2025-06-05 16:05:40,006:API_operations.exports.ForProject:INFO Writing into temptask file data.tsv
2025-06-05 16:05:40,090:API_operations.exports.ForProject:INFO Storing into zip as ecotaxa_538.tsv
2025-06-05 16:05:40,106:API_operations.exports.ForProject:INFO Writing into temptask file data.tsv
2025-06-05 16:05:40,773:API_operations.exports.ForProject:INFO Storing into zip as ecotaxa_554.tsv
2025-06-05 16:05:40,901:API_operations.exports.ForProject:INFO Writing into temptask file data.tsv
2025-06-05 16:05:41,465:API_operations.exports.ForProject:INFO Row 280000 of max 484480
2025-06-05 16:05:41,528:API_operations.exports.ForProject:INFO Storing into zip as ecotaxa_555.tsv
2025-06-05 16:05:41,647:API_operations.exports.ForProject:INFO Writing into temptask file data.tsv
2025-06-05 16:05:41,953:API_operations.exports.ForProject:INFO Storing into zip as ecotaxa_566.tsv
2025-06-05 16:05:42,012:API_operations.exports.ForProject:INFO Writing into temptask file data.tsv
2025-06-05 16:05:43,077:API_operations.exports.ForProject:INFO Storing into zip as ecotaxa_568.tsv
2025-06-05 16:05:43,283:API_operations.exports.ForProject:INFO Writing into temptask file data.tsv
2025-06-05 16:05:43,500:API_operations.exports.ForProject:INFO Storing into zip as ecotaxa_57.tsv
2025-06-05 16:05:43,542:API_operations.exports.ForProject:INFO Writing into temptask file data.tsv
2025-06-05 16:05:43,834:API_operations.exports.ForProject:INFO Storing into zip as ecotaxa_58.tsv
2025-06-05 16:05:43,891:API_operations.exports.ForProject:INFO Writing into temptask file data.tsv
2025-06-05 16:05:43,950:API_operations.exports.ForProject:INFO Row 290000 of max 484480
2025-06-05 16:05:45,643:API_operations.exports.ForProject:INFO Storing into zip as ecotaxa_580.tsv
2025-06-05 16:05:45,981:API_operations.exports.ForProject:INFO Writing into temptask file data.tsv
2025-06-05 16:05:46,277:API_operations.exports.ForProject:INFO Row 300000 of max 484480
2025-06-05 16:05:46,730:API_operations.exports.ForProject:INFO Storing into zip as ecotaxa_581.tsv
2025-06-05 16:05:46,874:API_operations.exports.ForProject:INFO Writing into temptask file data.tsv
2025-06-05 16:05:47,538:API_operations.exports.ForProject:INFO Storing into zip as ecotaxa_597.tsv
2025-06-05 16:05:47,667:API_operations.exports.ForProject:INFO Writing into temptask file data.tsv
2025-06-05 16:05:48,536:API_operations.exports.ForProject:INFO Row 310000 of max 484480
2025-06-05 16:05:49,106:API_operations.exports.ForProject:INFO Storing into zip as ecotaxa_599.tsv
2025-06-05 16:05:49,386:API_operations.exports.ForProject:INFO Writing into temptask file data.tsv
2025-06-05 16:05:49,774:API_operations.exports.ForProject:INFO Storing into zip as ecotaxa_616.tsv
2025-06-05 16:05:49,850:API_operations.exports.ForProject:INFO Writing into temptask file data.tsv
2025-06-05 16:05:50,689:API_operations.exports.ForProject:INFO Storing into zip as ecotaxa_617.tsv
2025-06-05 16:05:50,852:API_operations.exports.ForProject:INFO Writing into temptask file data.tsv
2025-06-05 16:05:51,061:API_operations.exports.ForProject:INFO Row 320000 of max 484480
2025-06-05 16:05:51,558:API_operations.exports.ForProject:INFO Storing into zip as ecotaxa_625.tsv
2025-06-05 16:05:51,694:API_operations.exports.ForProject:INFO Writing into temptask file data.tsv
2025-06-05 16:05:52,561:API_operations.exports.ForProject:INFO Storing into zip as ecotaxa_626.tsv
2025-06-05 16:05:52,731:API_operations.exports.ForProject:INFO Writing into temptask file data.tsv
2025-06-05 16:05:52,814:API_operations.exports.ForProject:INFO Storing into zip as ecotaxa_63.tsv
2025-06-05 16:05:52,830:API_operations.exports.ForProject:INFO Writing into temptask file data.tsv
2025-06-05 16:05:53,386:API_operations.exports.ForProject:INFO Row 330000 of max 484480
2025-06-05 16:05:53,511:API_operations.exports.ForProject:INFO Storing into zip as ecotaxa_638.tsv
2025-06-05 16:05:53,642:API_operations.exports.ForProject:INFO Writing into temptask file data.tsv
2025-06-05 16:05:53,695:API_operations.exports.ForProject:INFO Storing into zip as ecotaxa_640.tsv
2025-06-05 16:05:53,705:API_operations.exports.ForProject:INFO Writing into temptask file data.tsv
2025-06-05 16:05:53,744:API_operations.exports.ForProject:INFO Storing into zip as ecotaxa_65.tsv
2025-06-05 16:05:53,752:API_operations.exports.ForProject:INFO Writing into temptask file data.tsv
2025-06-05 16:05:53,780:API_operations.exports.ForProject:INFO Storing into zip as ecotaxa_655.tsv
2025-06-05 16:05:53,786:API_operations.exports.ForProject:INFO Writing into temptask file data.tsv
2025-06-05 16:05:53,804:API_operations.exports.ForProject:INFO Storing into zip as ecotaxa_657.tsv
2025-06-05 16:05:53,807:API_operations.exports.ForProject:INFO Writing into temptask file data.tsv
2025-06-05 16:05:53,835:API_operations.exports.ForProject:INFO Storing into zip as ecotaxa_670.tsv
2025-06-05 16:05:53,840:API_operations.exports.ForProject:INFO Writing into temptask file data.tsv
2025-06-05 16:05:53,863:API_operations.exports.ForProject:INFO Storing into zip as ecotaxa_672.tsv
2025-06-05 16:05:53,868:API_operations.exports.ForProject:INFO Writing into temptask file data.tsv
2025-06-05 16:05:53,954:API_operations.exports.ForProject:INFO Storing into zip as ecotaxa_68.tsv
2025-06-05 16:05:53,971:API_operations.exports.ForProject:INFO Writing into temptask file data.tsv
2025-06-05 16:05:54,080:API_operations.exports.ForProject:INFO Storing into zip as ecotaxa_683.tsv
2025-06-05 16:05:54,106:API_operations.exports.ForProject:INFO Writing into temptask file data.tsv
2025-06-05 16:05:54,137:API_operations.exports.ForProject:INFO Storing into zip as ecotaxa_685.tsv
2025-06-05 16:05:54,143:API_operations.exports.ForProject:INFO Writing into temptask file data.tsv
2025-06-05 16:05:54,183:API_operations.exports.ForProject:INFO Storing into zip as ecotaxa_695.tsv
2025-06-05 16:05:54,191:API_operations.exports.ForProject:INFO Writing into temptask file data.tsv
2025-06-05 16:05:54,200:API_operations.exports.ForProject:INFO Storing into zip as ecotaxa_697.tsv
2025-06-05 16:05:54,202:API_operations.exports.ForProject:INFO Writing into temptask file data.tsv
2025-06-05 16:05:54,318:API_operations.exports.ForProject:INFO Storing into zip as ecotaxa_70.tsv
2025-06-05 16:05:54,340:API_operations.exports.ForProject:INFO Writing into temptask file data.tsv
2025-06-05 16:05:55,023:API_operations.exports.ForProject:INFO Storing into zip as ecotaxa_707.tsv
2025-06-05 16:05:55,156:API_operations.exports.ForProject:INFO Writing into temptask file data.tsv
2025-06-05 16:05:55,678:API_operations.exports.ForProject:INFO Storing into zip as ecotaxa_709.tsv
2025-06-05 16:05:55,779:API_operations.exports.ForProject:INFO Writing into temptask file data.tsv
2025-06-05 16:05:55,874:API_operations.exports.ForProject:INFO Row 340000 of max 484480
2025-06-05 16:05:56,512:API_operations.exports.ForProject:INFO Storing into zip as ecotaxa_713.tsv
2025-06-05 16:05:56,653:API_operations.exports.ForProject:INFO Writing into temptask file data.tsv
2025-06-05 16:05:57,196:API_operations.exports.ForProject:INFO Storing into zip as ecotaxa_714.tsv
2025-06-05 16:05:57,301:API_operations.exports.ForProject:INFO Writing into temptask file data.tsv
2025-06-05 16:05:57,872:API_operations.exports.ForProject:INFO Storing into zip as ecotaxa_731.tsv
2025-06-05 16:05:57,982:API_operations.exports.ForProject:INFO Writing into temptask file data.tsv
2025-06-05 16:05:58,234:API_operations.exports.ForProject:INFO Row 350000 of max 484480
2025-06-05 16:05:58,607:API_operations.exports.ForProject:INFO Storing into zip as ecotaxa_732.tsv
2025-06-05 16:05:58,728:API_operations.exports.ForProject:INFO Writing into temptask file data.tsv
2025-06-05 16:05:59,447:API_operations.exports.ForProject:INFO Storing into zip as ecotaxa_738.tsv
2025-06-05 16:05:59,619:API_operations.exports.ForProject:INFO Writing into temptask file data.tsv
2025-06-05 16:06:00,573:API_operations.exports.ForProject:INFO Storing into zip as ecotaxa_739.tsv
2025-06-05 16:06:00,756:API_operations.exports.ForProject:INFO Writing into temptask file data.tsv
2025-06-05 16:06:00,806:API_operations.exports.ForProject:INFO Row 360000 of max 484480
2025-06-05 16:06:02,047:API_operations.exports.ForProject:INFO Storing into zip as ecotaxa_742.tsv
2025-06-05 16:06:02,310:API_operations.exports.ForProject:INFO Writing into temptask file data.tsv
2025-06-05 16:06:03,162:API_operations.exports.ForProject:INFO Row 370000 of max 484480
2025-06-05 16:06:03,190:API_operations.exports.ForProject:INFO Storing into zip as ecotaxa_743.tsv
2025-06-05 16:06:03,372:API_operations.exports.ForProject:INFO Writing into temptask file data.tsv
2025-06-05 16:06:04,412:API_operations.exports.ForProject:INFO Storing into zip as ecotaxa_754.tsv
2025-06-05 16:06:04,620:API_operations.exports.ForProject:INFO Writing into temptask file data.tsv
2025-06-05 16:06:05,603:API_operations.exports.ForProject:INFO Row 380000 of max 484480
2025-06-05 16:06:05,806:API_operations.exports.ForProject:INFO Storing into zip as ecotaxa_755.tsv
2025-06-05 16:06:06,041:API_operations.exports.ForProject:INFO Writing into temptask file data.tsv
2025-06-05 16:06:06,710:API_operations.exports.ForProject:INFO Storing into zip as ecotaxa_767.tsv
2025-06-05 16:06:06,843:API_operations.exports.ForProject:INFO Writing into temptask file data.tsv
2025-06-05 16:06:07,313:API_operations.exports.ForProject:INFO Storing into zip as ecotaxa_768.tsv
2025-06-05 16:06:07,404:API_operations.exports.ForProject:INFO Writing into temptask file data.tsv
2025-06-05 16:06:07,500:API_operations.exports.ForProject:INFO Storing into zip as ecotaxa_77.tsv
2025-06-05 16:06:07,519:API_operations.exports.ForProject:INFO Writing into temptask file data.tsv
2025-06-05 16:06:08,059:API_operations.exports.ForProject:INFO Storing into zip as ecotaxa_774.tsv
2025-06-05 16:06:08,171:API_operations.exports.ForProject:INFO Writing into temptask file data.tsv
2025-06-05 16:06:08,237:API_operations.exports.ForProject:INFO Row 390000 of max 484480
2025-06-05 16:06:09,005:API_operations.exports.ForProject:INFO Storing into zip as ecotaxa_775.tsv
2025-06-05 16:06:09,183:API_operations.exports.ForProject:INFO Writing into temptask file data.tsv
2025-06-05 16:06:09,301:API_operations.exports.ForProject:INFO Storing into zip as ecotaxa_78.tsv
2025-06-05 16:06:09,326:API_operations.exports.ForProject:INFO Writing into temptask file data.tsv
2025-06-05 16:06:10,071:API_operations.exports.ForProject:INFO Storing into zip as ecotaxa_784.tsv
2025-06-05 16:06:10,211:API_operations.exports.ForProject:INFO Writing into temptask file data.tsv
2025-06-05 16:06:10,660:API_operations.exports.ForProject:INFO Row 400000 of max 484480
2025-06-05 16:06:10,700:API_operations.exports.ForProject:INFO Storing into zip as ecotaxa_785.tsv
2025-06-05 16:06:10,798:API_operations.exports.ForProject:INFO Writing into temptask file data.tsv
2025-06-05 16:06:10,848:API_operations.exports.ForProject:INFO Storing into zip as ecotaxa_795.tsv
2025-06-05 16:06:10,856:API_operations.exports.ForProject:INFO Writing into temptask file data.tsv
2025-06-05 16:06:10,888:API_operations.exports.ForProject:INFO Storing into zip as ecotaxa_797.tsv
2025-06-05 16:06:10,894:API_operations.exports.ForProject:INFO Writing into temptask file data.tsv
2025-06-05 16:06:10,985:API_operations.exports.ForProject:INFO Storing into zip as ecotaxa_805.tsv
2025-06-05 16:06:11,002:API_operations.exports.ForProject:INFO Writing into temptask file data.tsv
2025-06-05 16:06:11,105:API_operations.exports.ForProject:INFO Storing into zip as ecotaxa_807.tsv
2025-06-05 16:06:11,124:API_operations.exports.ForProject:INFO Writing into temptask file data.tsv
2025-06-05 16:06:11,235:API_operations.exports.ForProject:INFO Storing into zip as ecotaxa_81.tsv
2025-06-05 16:06:11,260:API_operations.exports.ForProject:INFO Writing into temptask file data.tsv
2025-06-05 16:06:11,398:API_operations.exports.ForProject:INFO Storing into zip as ecotaxa_82.tsv
2025-06-05 16:06:11,424:API_operations.exports.ForProject:INFO Writing into temptask file data.tsv
2025-06-05 16:06:11,458:API_operations.exports.ForProject:INFO Storing into zip as ecotaxa_820.tsv
2025-06-05 16:06:11,464:API_operations.exports.ForProject:INFO Writing into temptask file data.tsv
2025-06-05 16:06:11,491:API_operations.exports.ForProject:INFO Storing into zip as ecotaxa_822.tsv
2025-06-05 16:06:11,496:API_operations.exports.ForProject:INFO Writing into temptask file data.tsv
2025-06-05 16:06:11,515:API_operations.exports.ForProject:INFO Storing into zip as ecotaxa_832.tsv
2025-06-05 16:06:11,519:API_operations.exports.ForProject:INFO Writing into temptask file data.tsv
2025-06-05 16:06:11,539:API_operations.exports.ForProject:INFO Storing into zip as ecotaxa_834.tsv
2025-06-05 16:06:11,543:API_operations.exports.ForProject:INFO Writing into temptask file data.tsv
2025-06-05 16:06:12,067:API_operations.exports.ForProject:INFO Storing into zip as ecotaxa_845.tsv
2025-06-05 16:06:12,171:API_operations.exports.ForProject:INFO Writing into temptask file data.tsv
2025-06-05 16:06:13,023:API_operations.exports.ForProject:INFO Row 410000 of max 484480
2025-06-05 16:06:13,126:API_operations.exports.ForProject:INFO Storing into zip as ecotaxa_846.tsv
2025-06-05 16:06:13,328:API_operations.exports.ForProject:INFO Writing into temptask file data.tsv
2025-06-05 16:06:13,965:API_operations.exports.ForProject:INFO Storing into zip as ecotaxa_852.tsv
2025-06-05 16:06:14,090:API_operations.exports.ForProject:INFO Writing into temptask file data.tsv
2025-06-05 16:06:15,023:API_operations.exports.ForProject:INFO Storing into zip as ecotaxa_853.tsv
2025-06-05 16:06:15,214:API_operations.exports.ForProject:INFO Writing into temptask file data.tsv
2025-06-05 16:06:15,585:API_operations.exports.ForProject:INFO Row 420000 of max 484480
2025-06-05 16:06:16,244:API_operations.exports.ForProject:INFO Storing into zip as ecotaxa_863.tsv
2025-06-05 16:06:16,442:API_operations.exports.ForProject:INFO Writing into temptask file data.tsv
2025-06-05 16:06:17,377:API_operations.exports.ForProject:INFO Storing into zip as ecotaxa_864.tsv
2025-06-05 16:06:17,578:API_operations.exports.ForProject:INFO Writing into temptask file data.tsv
2025-06-05 16:06:18,043:API_operations.exports.ForProject:INFO Row 430000 of max 484480
2025-06-05 16:06:18,553:API_operations.exports.ForProject:INFO Storing into zip as ecotaxa_875.tsv
2025-06-05 16:06:18,760:API_operations.exports.ForProject:INFO Writing into temptask file data.tsv
2025-06-05 16:06:19,901:API_operations.exports.ForProject:INFO Storing into zip as ecotaxa_876.tsv
2025-06-05 16:06:20,113:API_operations.exports.ForProject:INFO Writing into temptask file data.tsv
2025-06-05 16:06:20,482:API_operations.exports.ForProject:INFO Storing into zip as ecotaxa_877.tsv
2025-06-05 16:06:20,553:API_operations.exports.ForProject:INFO Writing into temptask file data.tsv
2025-06-05 16:06:20,588:API_operations.exports.ForProject:INFO Row 440000 of max 484480
2025-06-05 16:06:21,615:API_operations.exports.ForProject:INFO Storing into zip as ecotaxa_887.tsv
2025-06-05 16:06:21,847:API_operations.exports.ForProject:INFO Writing into temptask file data.tsv
2025-06-05 16:06:22,900:API_operations.exports.ForProject:INFO Row 450000 of max 484480
2025-06-05 16:06:23,153:API_operations.exports.ForProject:INFO Storing into zip as ecotaxa_888.tsv
2025-06-05 16:06:23,393:API_operations.exports.ForProject:INFO Writing into temptask file data.tsv
2025-06-05 16:06:23,816:API_operations.exports.ForProject:INFO Storing into zip as ecotaxa_894.tsv
2025-06-05 16:06:23,896:API_operations.exports.ForProject:INFO Writing into temptask file data.tsv
2025-06-05 16:06:24,891:API_operations.exports.ForProject:INFO Storing into zip as ecotaxa_896.tsv
2025-06-05 16:06:25,080:API_operations.exports.ForProject:INFO Writing into temptask file data.tsv
2025-06-05 16:06:25,439:API_operations.exports.ForProject:INFO Row 460000 of max 484480
2025-06-05 16:06:25,666:API_operations.exports.ForProject:INFO Storing into zip as ecotaxa_910.tsv
2025-06-05 16:06:25,788:API_operations.exports.ForProject:INFO Writing into temptask file data.tsv
2025-06-05 16:06:26,283:API_operations.exports.ForProject:INFO Storing into zip as ecotaxa_911.tsv
2025-06-05 16:06:26,377:API_operations.exports.ForProject:INFO Writing into temptask file data.tsv
2025-06-05 16:06:27,494:API_operations.exports.ForProject:INFO Storing into zip as ecotaxa_917.tsv
2025-06-05 16:06:27,707:API_operations.exports.ForProject:INFO Writing into temptask file data.tsv
2025-06-05 16:06:27,902:API_operations.exports.ForProject:INFO Row 470000 of max 484480
2025-06-05 16:06:28,465:API_operations.exports.ForProject:INFO Storing into zip as ecotaxa_918.tsv
2025-06-05 16:06:28,613:API_operations.exports.ForProject:INFO Writing into temptask file data.tsv
2025-06-05 16:06:29,628:API_operations.exports.ForProject:INFO Storing into zip as ecotaxa_922.tsv
2025-06-05 16:06:29,819:API_operations.exports.ForProject:INFO Writing into temptask file data.tsv
2025-06-05 16:06:29,857:API_operations.exports.ForProject:INFO Storing into zip as ecotaxa_924.tsv
2025-06-05 16:06:29,864:API_operations.exports.ForProject:INFO Writing into temptask file data.tsv
2025-06-05 16:06:29,908:API_operations.exports.ForProject:INFO Storing into zip as ecotaxa_938.tsv
2025-06-05 16:06:29,917:API_operations.exports.ForProject:INFO Writing into temptask file data.tsv
2025-06-05 16:06:29,954:API_operations.exports.ForProject:INFO Storing into zip as ecotaxa_940.tsv
2025-06-05 16:06:29,962:API_operations.exports.ForProject:INFO Writing into temptask file data.tsv
2025-06-05 16:06:29,987:API_operations.exports.ForProject:INFO Storing into zip as ecotaxa_949.tsv
2025-06-05 16:06:29,992:API_operations.exports.ForProject:INFO Writing into temptask file data.tsv
2025-06-05 16:06:30,010:API_operations.exports.ForProject:INFO Storing into zip as ecotaxa_951.tsv
2025-06-05 16:06:30,013:API_operations.exports.ForProject:INFO Writing into temptask file data.tsv
2025-06-05 16:06:30,106:API_operations.exports.ForProject:INFO Storing into zip as ecotaxa_961.tsv
2025-06-05 16:06:30,124:API_operations.exports.ForProject:INFO Writing into temptask file data.tsv
2025-06-05 16:06:30,142:API_operations.exports.ForProject:INFO Storing into zip as ecotaxa_963.tsv
2025-06-05 16:06:30,146:API_operations.exports.ForProject:INFO Writing into temptask file data.tsv
2025-06-05 16:06:30,305:API_operations.exports.ForProject:INFO Storing into zip as ecotaxa_973.tsv
2025-06-05 16:06:30,335:API_operations.exports.ForProject:INFO Writing into temptask file data.tsv
2025-06-05 16:06:30,350:API_operations.exports.ForProject:INFO Storing into zip as ecotaxa_975.tsv
2025-06-05 16:06:30,353:API_operations.exports.ForProject:INFO Writing into temptask file data.tsv
2025-06-05 16:06:30,355:API_operations.exports.ForProject:INFO Row 480000 of max 484480
2025-06-05 16:06:30,800:API_operations.exports.ForProject:INFO Storing into zip as ecotaxa_986.tsv
2025-06-05 16:06:30,886:API_operations.exports.ForProject:INFO Writing into temptask file data.tsv
2025-06-05 16:06:31,971:API_operations.exports.ForProject:INFO Storing into zip as ecotaxa_989.tsv
2025-06-05 16:06:32,058:API_operations.exports.ForProject:INFO Extracted 484480 rows
2025-06-05 16:06:32,061:API_operations.exports.ForProject:INFO Log in zip should end here.
